<?xml version="1.0" encoding="UTF-8"?>
<!-- Generated by org.testng.reporters.JUnitXMLReporter -->
<testsuite hostname="DESKTOP-58CP18H" name="LFGdotCOM" tests="3" failures="0" timestamp="19 Oct 2017 17:50:59 GMT" time="0.533" errors="0">
  <testcase name="feature" time="0.155" classname="cucumber.CucumberRunner"/>
  <testcase name="feature" time="0.006" classname="cucumber.CucumberRunner"/>
  <testcase name="feature" time="0.005" classname="cucumber.CucumberRunner"/>
</testsuite> <!-- LFGdotCOM -->
